<?xml version="1.0" encoding="UTF-8"?>
<testng-results total="1" passed="1" failed="0" skipped="0">
  <reporter-output>
  </reporter-output>
  <suite started-at="2025-02-18T03:57:22Z" name="Default suite" finished-at="2025-02-18T03:57:37Z" duration-ms="14734">
    <groups>
    </groups>
    <test started-at="2025-02-18T03:57:22Z" name="Default test" finished-at="2025-02-18T03:57:37Z" duration-ms="14734">
      <class name="com.facebook.tests.LoginTest">
        <test-method signature="loginTest()[pri:0, instance:com.facebook.tests.LoginTest@2de56eb2]" started-at="2025-02-18T09:27:22Z" name="loginTest" finished-at="2025-02-18T09:27:34Z" duration-ms="12313" status="PASS">
          <reporter-output>
          </reporter-output>
        </test-method> <!-- loginTest -->
        <test-method is-config="true" signature="takeScreenshot(org.testng.ITestResult)[pri:0, instance:com.facebook.tests.LoginTest@2de56eb2]" started-at="2025-02-18T09:27:34Z" name="takeScreenshot" finished-at="2025-02-18T09:27:36Z" duration-ms="2277" status="PASS">
          <params>
            <param index="0">
              <value>
                <![CDATA[[TestResult: loginTest STATUS:SUCCESS METHOD:LoginTest.loginTest()[pri:0, instance:com.facebook.tests.LoginTest@2de56eb2]]
]]>
              </value>
            </param>
          </params>
          <reporter-output>
          </reporter-output>
        </test-method> <!-- takeScreenshot -->
        <test-method is-config="true" signature="closeLoginPage()[pri:0, instance:com.facebook.tests.LoginTest@2de56eb2]" started-at="2025-02-18T09:27:36Z" name="closeLoginPage" finished-at="2025-02-18T09:27:37Z" duration-ms="129" status="PASS">
          <reporter-output>
          </reporter-output>
        </test-method> <!-- closeLoginPage -->
      </class> <!-- com.facebook.tests.LoginTest -->
    </test> <!-- Default test -->
  </suite> <!-- Default suite -->
</testng-results>
