<?xml version="1.0" encoding="UTF-8"?>
<!-- Generated by org.testng.reporters.JUnitXMLReporter -->
<testsuite hostname="MSI" failures="0" tests="15" name="Test" time="0.051" errors="0" timestamp="15 Feb 2025 17:36:03 GMT">
  <testcase classname="SelePrograms.TestNG3" name="a" time="0.009"/>
  <testcase classname="SelePrograms.TestNG4" name="c" time="0.001"/>
  <testcase classname="SelePrograms.TestNG4" name="d" time="0.002"/>
  <testcase classname="SelePrograms.TestNG4" name="d" time="0.0"/>
  <testcase classname="SelePrograms.TestNG4" name="f" time="0.002">
    <skipped/>
  </testcase> <!-- f -->
  <testcase classname="SelePrograms.TestNG3" name="c" time="0.001"/>
  <testcase classname="SelePrograms.TestNG3" name="d" time="0.001"/>
  <testcase classname="SelePrograms.TestNG2" name="a1" time="0.001"/>
  <testcase classname="SelePrograms.TestNG2" name="a3" time="0.001"/>
  <testcase classname="SelePrograms.TestNG2" name="ab" time="0.001"/>
  <testcase classname="SelePrograms.TestNG2" name="z" time="0.001"/>
  <testcase classname="SelePrograms.TestNG1" name="A1" time="0.002"/>
  <testcase classname="SelePrograms.TestNG1" name="a1" time="0.001"/>
  <testcase classname="SelePrograms.TestNG1" name="a2" time="0.001"/>
  <testcase classname="SelePrograms.TestNG3" name="b" time="0.001"/>
</testsuite> <!-- Test -->
